(1626266469.034285) can0 0CFF72F3#E001E334007D0100
(1626266469.054284) can0 0CFF72F3#E001E334007D0100
(1626266469.056506) can0 0CFF73F3#E19AE19AC05D0000
(1626266469.058770) can0 0CFF77F3#60EA60EA20000000
(1626266469.063179) can0 18FFD9F3#5082DC82DC82305C
(1626266469.074275) can0 0CFF72F3#E001E334007D0100
(1626266469.094258) can0 0CFF72F3#E001E334007D0100
(1626266469.114261) can0 0CFF72F3#E001E334007D0100
(1626266469.134271) can0 0CFF72F3#E001E334007D0100
(1626266469.154256) can0 0CFF72F3#E001E334007D0100
(1626266469.156524) can0 0CFF73F3#E19AE19AC05D0000
(1626266469.158756) can0 0CFF77F3#60EA60EA20000000
(1626266469.163171) can0 18FFD9F3#5082DC82DC82305C
(1626266469.174258) can0 0CFF72F3#E001E334007D0100
(1626266469.194261) can0 0CFF72F3#E001E334007D0100
(1626266469.214264) can0 0CFF72F3#E001E334007D0100
(1626266469.234256) can0 0CFF72F3#E001E334007D0100
(1626266469.254297) can0 0CFF72F3#E001E334007D0100
(1626266469.256500) can0 0CFF73F3#E19AE19AC05D0000
(1626266469.258752) can0 0CFF77F3#60EA60EA20000000
(1626266469.263175) can0 18FFD9F3#5082DC82DC82305C
(1626266469.274271) can0 0CFF72F3#E001E334007D0100
(1626266469.294265) can0 0CFF72F3#E001E334007D0100
(1626266469.314267) can0 0CFF72F3#E001E334007D0100
(1626266469.334280) can0 0CFF72F3#E001E334007D0100
(1626266469.354263) can0 0CFF72F3#E001E334007D0100
(1626266469.356493) can0 0CFF73F3#E19AE19AC05D0000
(1626266469.358753) can0 0CFF77F3#60EA60EA20000000
(1626266469.363188) can0 18FFD9F3#5082DC82DC82305C
(1626266469.374256) can0 0CFF72F3#E001E334007D0100
(1626266469.394258) can0 0CFF72F3#E001E334007D0100
(1626266469.414271) can0 0CFF72F3#E001E334007D0100
(1626266469.434273) can0 0CFF72F3#E001E334007D0100
(1626266469.454267) can0 0CFF72F3#E001E334007D0100
(1626266469.456487) can0 0CFF73F3#E19AE19AC05D0000
(1626266469.458747) can0 0CFF77F3#60EA60EA20000000
(1626266469.463172) can0 18FFD9F3#5082DC82DC82305C
(1626266469.474269) can0 0CFF72F3#E001E334007D0100
(1626266469.494261) can0 0CFF72F3#E001E334007D0100
(1626266469.514265) can0 0CFF72F3#E001E334007D0100
(1626266469.534267) can0 0CFF72F3#E001E334007D0100
(1626266469.554281) can0 0CFF72F3#E001E334007D0100
(1626266469.556501) can0 0CFF73F3#E19AE19AC05D0000
(1626266469.558766) can0 0CFF77F3#60EA60EA20000000
(1626266469.563165) can0 18FFD9F3#5082DC82DC82305C
(1626266469.574272) can0 0CFF72F3#E001E334007D0100
(1626266469.594265) can0 0CFF72F3#E001E334007D0100
(1626266469.614259) can0 0CFF72F3#E001E334007D0100
(1626266469.634271) can0 0CFF72F3#E001E334007D0100
(1626266469.654264) can0 0CFF72F3#E001E334007D0100
(1626266469.656506) can0 0CFF73F3#E19AE19AC05D0000
(1626266469.658756) can0 0CFF77F3#60EA60EA20000000
(1626266469.663171) can0 18FFD9F3#5082DC82DC82305C
(1626266469.674276) can0 0CFF72F3#E001E334007D0100
(1626266469.694269) can0 0CFF72F3#E001E334007D0100
(1626266469.714295) can0 0CFF72F3#E001E334007D0100
(1626266469.734274) can0 0CFF72F3#E001E334007D0100
(1626266469.753767) can0 0C00C3F3#3200000000000000
(1626266469.756016) can0 0CFF72F3#E001E334007D0100
(1626266469.758275) can0 0CFF73F3#E19AE19AC05D0000
(1626266469.760504) can0 0CFF77F3#60EA60EA20000000
(1626266469.762741) can0 0CFF78F3#2C812C812C813200
(1626266469.768268) can0 18FFD9F3#5082DC82DC82305C
(1626266469.770471) can0 18FFDFF3#E092409C409C2C81
(1626266469.772846) can0 18FFE0F3#0000000000000000
(1626266469.775192) can0 18FFE1F3#0000000000000000
(1626266469.777453) can0 0CFF72F3#E001E334007D0100
(1626266469.794280) can0 0CFF72F3#E001E334007D0100
(1626266469.814282) can0 0CFF72F3#E001E334007D0100
(1626266469.834285) can0 0CFF72F3#E001E334007D0100
(1626266469.854288) can0 0CFF72F3#E001E334007D0100
(1626266469.856512) can0 0CFF73F3#E19AE19AC05D0000
(1626266469.858772) can0 0CFF77F3#60EA60EA20000000
(1626266469.863183) can0 18FFD9F3#5082DC82DC82305C
(1626266469.874290) can0 0CFF72F3#E001E334007D0100
(1626266469.894278) can0 0CFF72F3#E001E334007D0100
(1626266469.914296) can0 0CFF72F3#E001E334007D0100
(1626266469.934296) can0 0CFF72F3#E001E334007D0100
(1626266469.954285) can0 0CFF72F3#E001E334007D0100
(1626266469.956505) can0 0CFF73F3#E19AE19AC05D0000
(1626266469.958777) can0 0CFF77F3#60EA60EA20000000
(1626266469.963188) can0 18FFD9F3#5082DC82DC82305C
(1626266469.974287) can0 0CFF72F3#E001E334007D0100
(1626266469.994280) can0 0CFF72F3#E001E334007D0100
(1626266470.014285) can0 0CFF72F3#E001E334007D0100
(1626266470.034286) can0 0CFF72F3#E001E334007D0100
(1626266470.054289) can0 0CFF72F3#E001E334007D0100
(1626266470.056509) can0 0CFF73F3#E19AE19AC05D0000
(1626266470.058769) can0 0CFF77F3#60EA60EA20000000
(1626266470.063191) can0 18FFD9F3#5082DC82DC82305C
(1626266470.074294) can0 0CFF72F3#E001E334007D0100
(1626266470.094274) can0 0CFF72F3#E001E334007D0100
(1626266470.114276) can0 0CFF72F3#E001E334007D0100
(1626266470.134279) can0 0CFF72F3#E001E334007D0100
(1626266470.154271) can0 0CFF72F3#E001E334007D0100
(1626266470.156502) can0 0CFF73F3#E19AE19AC05D0000
(1626266470.158762) can0 0CFF77F3#60EA60EA20000000
(1626266470.163204) can0 18FFD9F3#5082DC82DC82305C
(1626266470.174312) can0 0CFF72F3#E001E334007D0100
(1626266470.194277) can0 0CFF72F3#E001E334007D0100
(1626266470.214270) can0 0CFF72F3#E001E334007D0100
(1626266470.234282) can0 0CFF72F3#E001E334007D0100
(1626266470.254275) can0 0CFF72F3#E001E334007D0100
(1626266470.256506) can0 0CFF73F3#E19AE19AC05D0000
(1626266470.258772) can0 0CFF77F3#60EA60EA20000000
(1626266470.263191) can0 18FFD9F3#5082DC82DC82305C
(1626266470.274288) can0 0CFF72F3#E001E334007D0100
(1626266470.294280) can0 0CFF72F3#E001E334007D0100
(1626266470.314283) can0 0CFF72F3#E001E334007D0100
(1626266470.334276) can0 0CFF72F3#E001E334007D0100
(1626266470.354278) can0 0CFF72F3#E001E334007D0100
(1626266470.356499) can0 0CFF73F3#E19AE19AC05D0000
(1626266470.358769) can0 0CFF77F3#60EA60EA20000000
(1626266470.363184) can0 18FFD9F3#5082DC82DC82305C
(1626266470.374291) can0 0CFF72F3#E001E334007D0100
(1626266470.394284) can0 0CFF72F3#E001E334007D0100
(1626266470.414286) can0 0CFF72F3#E001E334007D0100
(1626266470.434289) can0 0CFF72F3#E001E334007D0100
(1626266470.454272) can0 0CFF72F3#E001E334007D0100
(1626266470.456502) can0 0CFF73F3#E19AE19AC05D0000
(1626266470.458773) can0 0CFF77F3#60EA60EA20000000
(1626266470.463195) can0 18FFD9F3#5082DC82DC82305C
(1626266470.474295) can0 0CFF72F3#E001E334007D0100
(1626266470.494278) can0 0CFF72F3#E001E334007D0100
(1626266470.514280) can0 0CFF72F3#E001E334007D0100
(1626266470.534283) can0 0CFF72F3#E001E334007D0100
(1626266470.554287) can0 0CFF72F3#E001E334007D0100
(1626266470.556506) can0 0CFF73F3#E19AE19AC05D0000
(1626266470.558776) can0 0CFF77F3#60EA60EA20000000
(1626266470.563189) can0 18FFD9F3#5082DC82DC82305C
(1626266470.574288) can0 0CFF72F3#E001E334007D0100
(1626266470.594292) can0 0CFF72F3#E001E334007D0100
(1626266470.614294) can0 0CFF72F3#E001E334007D0100
(1626266470.634304) can0 0CFF72F3#E001E334007D0100
(1626266470.654289) can0 0CFF72F3#E001E334007D0100
(1626266470.656519) can0 0CFF73F3#E19AE19AC05D0000
(1626266470.658798) can0 0CFF77F3#60EA60EA20000000
(1626266470.663182) can0 18FFD9F3#5082DC82DC82305C
(1626266470.674294) can0 0CFF72F3#E001E334007D0100
(1626266470.694284) can0 0CFF72F3#E001E334007D0100
(1626266470.714277) can0 0CFF72F3#E001E334007D0100
(1626266470.734291) can0 0CFF72F3#E001E334007D0100
(1626266470.753783) can0 0C00C3F3#3200000000000000
(1626266470.756032) can0 0CFF72F3#E001E334007D0100
(1626266470.758244) can0 0CFF73F3#E19AE19AC05D0000
(1626266470.760507) can0 0CFF77F3#60EA60EA20000000
(1626266470.762747) can0 0CFF78F3#2C812C812C813200
(1626266470.768284) can0 18FFD9F3#5082DC82DC82305C
(1626266470.770481) can0 18FFDFF3#E092409C409C2C81
(1626266470.772855) can0 18FFE0F3#0000000000000000
(1626266470.775196) can0 18FFE1F3#0000000000000000
(1626266470.777461) can0 0CFF72F3#E001E334007D0100
(1626266470.794288) can0 0CFF72F3#E001E334007D0100
(1626266470.814290) can0 0CFF72F3#E001E334007D0100
(1626266470.834292) can0 0CFF72F3#E001E334007D0100
(1626266470.854295) can0 0CFF72F3#E001E334007D0100
(1626266470.856500) can0 0CFF73F3#E19AE19AC05D0000
(1626266470.858770) can0 0CFF77F3#60EA60EA20000000
(1626266470.863198) can0 18FFD9F3#5082DC82DC82305C
(1626266470.874297) can0 0CFF72F3#E001E334007D0100
(1626266470.894280) can0 0CFF72F3#E001E334007D0100
(1626266470.914302) can0 0CFF72F3#E001E334007D0100
(1626266470.934284) can0 0CFF72F3#E001E334007D0100
(1626266470.954287) can0 0CFF72F3#E001E334007D0100
(1626266470.956501) can0 0CFF73F3#E19AE19AC05D0000
(1626266470.958782) can0 0CFF77F3#60EA60EA20000000
(1626266470.963199) can0 18FFD9F3#5082DC82DC82305C
(1626266470.974284) can0 0CFF72F3#E001E334007D0100
(1626266470.994286) can0 0CFF72F3#E001E334007D0100
(1626266471.014289) can0 0CFF72F3#E001E334007D0100
(1626266471.034298) can0 0CFF72F3#E001E334007D0100
(1626266471.054281) can0 0CFF72F3#E001E334007D0100
(1626266471.056514) can0 0CFF73F3#E19AE19AC05D0000
(1626266471.058774) can0 0CFF77F3#60EA60EA20000000
(1626266471.063197) can0 18FFD9F3#5082DC82DC82305C
(1626266471.074298) can0 0CFF72F3#E001E334007D0100
(1626266471.094288) can0 0CFF72F3#E001E334007D0100
(1626266471.114293) can0 0CFF72F3#E001E334007D0100
(1626266471.134293) can0 0CFF72F3#E001E334007D0100
(1626266471.154286) can0 0CFF72F3#E001E334007D0100
(1626266471.156510) can0 0CFF73F3#E19AE19AC05D0000
(1626266471.158770) can0 0CFF77F3#60EA60EA20000000
(1626266471.163211) can0 18FFD9F3#5082DC82DC82305C
(1626266471.174299) can0 0CFF72F3#E001E334007D0100
(1626266471.194293) can0 0CFF72F3#E001E334007D0100
(1626266471.214285) can0 0CFF72F3#E001E334007D0100
(1626266471.234297) can0 0CFF72F3#E001E334007D0100
(1626266471.254289) can0 0CFF72F3#E001E334007D0100
(1626266471.256513) can0 0CFF73F3#E19AE19AC05D0000
(1626266471.258764) can0 0CFF77F3#60EA60EA20000000
(1626266471.263226) can0 18FFD9F3#5082DC82DC82305C
(1626266471.274302) can0 0CFF72F3#E001E334007D0100
(1626266471.294285) can0 0CFF72F3#E001E334007D0100
(1626266471.314320) can0 0CFF72F3#E001E334007D0100
(1626266471.334300) can0 0CFF72F3#E001E334007D0100
(1626266471.354283) can0 0CFF72F3#E001E334007D0100
(1626266471.356516) can0 0CFF73F3#E19AE19AC05D0000
(1626266471.358777) can0 0CFF77F3#60EA60EA20000000
(1626266471.363269) can0 18FFD9F3#5082DC82DC82305C
(1626266471.374286) can0 0CFF72F3#E001E334007D0100
(1626266471.394288) can0 0CFF72F3#E001E334007D0100
(1626266471.414291) can0 0CFF72F3#E001E334007D0100
(1626266471.434284) can0 0CFF72F3#E001E334007D0100
(1626266471.454297) can0 0CFF72F3#E001E334007D0100
(1626266471.456521) can0 0CFF73F3#E19AE19AC05D0000
(1626266471.458780) can0 0CFF77F3#60EA60EA20000000
(1626266471.463252) can0 18FFD9F3#5082DC82DC82305C
(1626266471.474289) can0 0CFF72F3#E001E334007D0100
(1626266471.494292) can0 0CFF72F3#E001E334007D0100
(1626266471.514296) can0 0CFF72F3#E001E334007D0100
(1626266471.534287) can0 0CFF72F3#E001E334007D0100
(1626266471.554290) can0 0CFF72F3#E001E334007D0100
(1626266471.556514) can0 0CFF73F3#E19AE19AC05D0000
(1626266471.558784) can0 0CFF77F3#60EA60EA20000000
(1626266471.563200) can0 18FFD9F3#5082DC82DC82305C
(1626266471.574303) can0 0CFF72F3#E001E334007D0100
(1626266471.594285) can0 0CFF72F3#E001E334007D0100
(1626266471.614299) can0 0CFF72F3#E001E334007D0100
(1626266471.634291) can0 0CFF72F3#E001E334007D0100
(1626266471.654293) can0 0CFF72F3#E001E334007D0100
(1626266471.656511) can0 0CFF73F3#E19AE19AC05D0000
(1626266471.658778) can0 0CFF77F3#60EA60EA20000000
(1626266471.663205) can0 18FFD9F3#5082DC82DC82305C
(1626266471.674289) can0 0CFF72F3#E001E334007D0100
(1626266471.694296) can0 0CFF72F3#E001E334007D0100
(1626266471.714299) can0 0CFF72F3#E001E334007D0100
(1626266471.734302) can0 0CFF72F3#E001E334007D0100
(1626266471.753791) can0 0C00C3F3#3200000000000000
(1626266471.756039) can0 0CFF72F3#E001E334007D0100
(1626266471.758289) can0 0CFF73F3#E19AE19AC05D0000
(1626266471.760525) can0 0CFF77F3#60EA60EA20000000
(1626266471.762764) can0 0CFF78F3#2C812C812C813200
(1626266471.768290) can0 18FFD9F3#5082DC82DC82305C
(1626266471.770484) can0 18FFDFF3#E092409C409C2C81
(1626266471.772850) can0 18FFE0F3#0000000000000000
(1626266471.775217) can0 18FFE1F3#0000000000000000
(1626266471.777467) can0 0CFF72F3#E001E334007D0100
(1626266471.794296) can0 0CFF72F3#E001E334007D0100
(1626266471.814298) can0 0CFF72F3#E001E334007D0100
(1626266471.834300) can0 0CFF72F3#E001E334007D0100
(1626266471.854303) can0 0CFF72F3#E001E334007D0100
(1626266471.856531) can0 0CFF73F3#E19AE19AC05D0000
(1626266471.858804) can0 0CFF77F3#60EA60EA20000000
(1626266471.863210) can0 18FFD9F3#5082DC82DC82305C
(1626266471.874307) can0 0CFF72F3#E001E334007D0100
(1626266471.894309) can0 0CFF72F3#E001E334007D0100
(1626266471.914313) can0 0CFF72F3#E001E334007D0100
(1626266471.934314) can0 0CFF72F3#E001E334007D0100
(1626266471.954317) can0 0CFF72F3#E001E334007D0100
(1626266471.956521) can0 0CFF73F3#E19AE19AC05D0000
(1626266471.958791) can0 0CFF77F3#60EA60EA20000000
(1626266471.963203) can0 18FFD9F3#5082DC82DC82305C
(1626266471.974321) can0 0CFF72F3#E001E334007D0100
(1626266471.994322) can0 0CFF72F3#E001E334007D0100
(1626266472.014325) can0 0CFF72F3#E001E334007D0100
(1626266472.034328) can0 0CFF72F3#E001E334007D0100
(1626266472.054329) can0 0CFF72F3#E001E334007D0100
(1626266472.056524) can0 0CFF73F3#E19AE19AC05D0000
(1626266472.058784) can0 0CFF77F3#60EA60EA20000000
(1626266472.063207) can0 18FFD9F3#5082DC82DC82305C
(1626266472.074334) can0 0CFF72F3#E001E334007D0100
(1626266472.094335) can0 0CFF72F3#E001E334007D0100
(1626266472.114341) can0 0CFF72F3#E001E334007D0100
(1626266472.134340) can0 0CFF72F3#E001E334007D0100
(1626266472.154343) can0 0CFF72F3#E001E334007D0100
(1626266472.156530) can0 0CFF73F3#E19AE19AC05D0000
(1626266472.158779) can0 0CFF77F3#60EA60EA20000000
(1626266472.163202) can0 18FFD9F3#5082DC82DC82305C
(1626266472.174369) can0 0CFF72F3#E001E334007D0100
(1626266472.194349) can0 0CFF72F3#E001E334007D0100
(1626266472.214352) can0 0CFF72F3#E001E334007D0100
(1626266472.234390) can0 0CFF72F3#E001E334007D0100
(1626266472.254357) can0 0CFF72F3#E001E334007D0100
(1626266472.256531) can0 0CFF73F3#E19AE19AC05D0000
(1626266472.258813) can0 0CFF77F3#60EA60EA20000000
(1626266472.263213) can0 18FFD9F3#5082DC82DC82305C
(1626266472.274359) can0 0CFF72F3#E001E334007D0100
(1626266472.294296) can0 0CFF72F3#E001E334007D0100
(1626266472.314288) can0 0CFF72F3#E001E334007D0100
(1626266472.334300) can0 0CFF72F3#E001E334007D0100
(1626266472.354304) can0 0CFF72F3#E001E334007D0100
(1626266472.356525) can0 0CFF73F3#E19AE19AC05D0000
(1626266472.358785) can0 0CFF77F3#60EA60EA20000000
(1626266472.363199) can0 18FFD9F3#5082DC82DC82305C
(1626266472.374296) can0 0CFF72F3#E001E334007D0100
(1626266472.394299) can0 0CFF72F3#E001E334007D0100
(1626266472.414292) can0 0CFF72F3#E001E334007D0100
(1626266472.434304) can0 0CFF72F3#E001E334007D0100
(1626266472.454299) can0 0CFF72F3#E001E334007D0100
(1626266472.456518) can0 0CFF73F3#E19AE19AC05D0000
(1626266472.458782) can0 0CFF77F3#60EA60EA20000000
(1626266472.463213) can0 18FFD9F3#5082DC82DC82305C
(1626266472.474311) can0 0CFF72F3#E001E334007D0100
(1626266472.494295) can0 0CFF72F3#E001E334007D0100
(1626266472.514306) can0 0CFF72F3#E001E334007D0100
(1626266472.534304) can0 0CFF72F3#E001E334007D0100
(1626266472.554290) can0 0CFF72F3#E001E334007D0100
(1626266472.556531) can0 0CFF73F3#E19AE19AC05D0000
(1626266472.558792) can0 0CFF77F3#60EA60EA20000000
(1626266472.563207) can0 18FFD9F3#5082DC82DC82305C
(1626266472.574303) can0 0CFF72F3#E001E334007D0100
(1626266472.594310) can0 0CFF72F3#E001E334007D0100
(1626266472.614299) can0 0CFF72F3#E001E334007D0100
(1626266472.634312) can0 0CFF72F3#E001E334007D0100
(1626266472.654312) can0 0CFF72F3#E001E334007D0100
(1626266472.656551) can0 0CFF73F3#E19AE19AC05D0000
(1626266472.658786) can0 0CFF77F3#60EA60EA20000000
(1626266472.663210) can0 18FFD9F3#5082DC82DC82305C
(1626266472.674297) can0 0CFF72F3#E001E334007D0100
(1626266472.694326) can0 0CFF72F3#E001E334007D0100
(1626266472.714308) can0 0CFF72F3#E001E334007D0100
(1626266472.734295) can0 0CFF72F3#E001E334007D0100
(1626266472.753798) can0 0C00C3F3#3200000000000000
(1626266472.756048) can0 0CFF72F3#E001E334007D0100
(1626266472.758273) can0 0CFF73F3#E19AE19AC05D0000
(1626266472.760523) can0 0CFF77F3#60EA60EA20000000
(1626266472.762780) can0 0CFF78F3#2C812C812C813200
(1626266472.768307) can0 18FFD9F3#5082DC82DC82305C
(1626266472.770501) can0 18FFDFF3#E092409C409C2C81
(1626266472.772870) can0 18FFE0F3#0000000000000000
(1626266472.775226) can0 18FFE1F3#0000000000000000
(1626266472.777488) can0 0CFF72F3#E001E334007D0100
(1626266472.794304) can0 0CFF72F3#E001E334007D0100
(1626266472.814306) can0 0CFF72F3#E001E334007D0100
(1626266472.834310) can0 0CFF72F3#E001E334007D0100
(1626266472.854312) can0 0CFF72F3#E001E334007D0100
(1626266472.856522) can0 0CFF73F3#E19AE19AC05D0000
(1626266472.858785) can0 0CFF77F3#60EA60EA20000000
(1626266472.863207) can0 18FFD9F3#5082DC82DC82305C
(1626266472.874297) can0 0CFF72F3#E001E334007D0100
(1626266472.894300) can0 0CFF72F3#E001E334007D0100
(1626266472.914303) can0 0CFF72F3#E001E334007D0100
(1626266472.934296) can0 0CFF72F3#E001E334007D0100
(1626266472.954308) can0 0CFF72F3#E001E334007D0100
(1626266472.956527) can0 0CFF73F3#E19AE19AC05D0000
(1626266472.958799) can0 0CFF77F3#60EA60EA20000000
(1626266472.963210) can0 18FFD9F3#5082DC82DC82305C
(1626266472.974301) can0 0CFF72F3#E001E334007D0100
(1626266472.994304) can0 0CFF72F3#E001E334007D0100
(1626266473.014306) can0 0CFF72F3#E001E334007D0100
(1626266473.034309) can0 0CFF72F3#E001E334007D0100
(1626266473.054311) can0 0CFF72F3#E001E334007D0100
(1626266473.056528) can0 0CFF73F3#E19AE19AC05D0000
(1626266473.058792) can0 0CFF77F3#60EA60EA20000000
(1626266473.063214) can0 18FFD9F3#5082DC82DC82305C
(1626266473.074314) can0 0CFF72F3#E001E334007D0100
(1626266473.094297) can0 0CFF72F3#E001E334007D0100
(1626266473.114319) can0 0CFF72F3#E001E334007D0100
(1626266473.134303) can0 0CFF72F3#E001E334007D0100
(1626266473.154332) can0 0CFF72F3#E001E334007D0100
(1626266473.156532) can0 0CFF73F3#E19AE19AC05D0000
(1626266473.158795) can0 0CFF77F3#60EA60EA20000000
(1626266473.163211) can0 18FFD9F3#5082DC82DC82305C
(1626266473.174307) can0 0CFF72F3#E001E334007D0100
(1626266473.194310) can0 0CFF72F3#E001E334007D0100
(1626266473.214314) can0 0CFF72F3#E001E334007D0100
(1626266473.234309) can0 0CFF72F3#E001E334007D0100
(1626266473.254310) can0 0CFF72F3#E001E334007D0100
(1626266473.256525) can0 0CFF73F3#E19AE19AC05D0000
(1626266473.258790) can0 0CFF77F3#60EA60EA20000000
(1626266473.263214) can0 18FFD9F3#5082DC82DC82305C
(1626266473.274312) can0 0CFF72F3#E001E334007D0100
(1626266473.294295) can0 0CFF72F3#E001E334007D0100
(1626266473.314303) can0 0CFF72F3#E001E334007D0100
(1626266473.334321) can0 0CFF72F3#E001E334007D0100
(1626266473.354312) can0 0CFF72F3#E001E334007D0100
(1626266473.356529) can0 0CFF73F3#E19AE19AC05D0000
(1626266473.358793) can0 0CFF77F3#60EA60EA20000000
(1626266473.363228) can0 18FFD9F3#5082DC82DC82305C
(1626266473.374305) can0 0CFF72F3#E001E334007D0100
(1626266473.394297) can0 0CFF72F3#E001E334007D0100
(1626266473.414310) can0 0CFF72F3#E001E334007D0100
(1626266473.434302) can0 0CFF72F3#E001E334007D0100
(1626266473.454306) can0 0CFF72F3#E001E334007D0100
(1626266473.456545) can0 0CFF73F3#E19AE19AC05D0000
(1626266473.458786) can0 0CFF77F3#60EA60EA20000000
(1626266473.463211) can0 18FFD9F3#5082DC82DC82305C
(1626266473.474298) can0 0CFF72F3#E001E334007D0100
(1626266473.494300) can0 0CFF72F3#E001E334007D0100
(1626266473.514304) can0 0CFF72F3#E001E334007D0100
(1626266473.534306) can0 0CFF72F3#E001E334007D0100
(1626266473.554300) can0 0CFF72F3#E001E334007D0100
(1626266473.556536) can0 0CFF73F3#E19AE19AC05D0000
(1626266473.558800) can0 0CFF77F3#60EA60EA20000000
(1626266473.563215) can0 18FFD9F3#5082DC82DC82305C
(1626266473.574301) can0 0CFF72F3#E001E334007D0100
(1626266473.594304) can0 0CFF72F3#E001E334007D0100
(1626266473.614310) can0 0CFF72F3#E001E334007D0100
(1626266473.634320) can0 0CFF72F3#E001E334007D0100
(1626266473.654302) can0 0CFF72F3#E001E334007D0100
(1626266473.656545) can0 0CFF73F3#E19AE19AC05D0000
(1626266473.658803) can0 0CFF77F3#60EA60EA20000000
(1626266473.663240) can0 18FFD9F3#5082DC82DC82305C
(1626266473.674316) can0 0CFF72F3#E001E334007D0100
(1626266473.694316) can0 0CFF72F3#E001E334007D0100
(1626266473.714299) can0 0CFF72F3#E001E334007D0100
(1626266473.734311) can0 0CFF72F3#E001E334007D0100
(1626266473.753804) can0 0C00C3F3#3200000000000000
(1626266473.756092) can0 0CFF72F3#E001E334007D0100
(1626266473.758278) can0 0CFF73F3#E19AE19AC05D0000
(1626266473.760555) can0 0CFF77F3#60EA60EA20000000
(1626266473.762779) can0 0CFF78F3#2C812C812C813200
(1626266473.768297) can0 18FFD9F3#5082DC82DC82305C
(1626266473.770490) can0 18FFDFF3#E092409C409C2C81
(1626266473.772875) can0 18FFE0F3#0000000000000000
(1626266473.775230) can0 18FFE1F3#0000000000000000
(1626266473.777481) can0 0CFF72F3#E001E334007D0100
(1626266473.794312) can0 0CFF72F3#E001E334007D0100
(1626266473.814315) can0 0CFF72F3#E001E334007D0100
(1626266473.834324) can0 0CFF72F3#E001E334007D0100
(1626266473.854319) can0 0CFF72F3#E001E334007D0100
(1626266473.856588) can0 0CFF73F3#E19AE19AC05D0000
(1626266473.858838) can0 0CFF77F3#60EA60EA20000000
(1626266473.863224) can0 18FFD9F3#5082DC82DC82305C
(1626266473.874322) can0 0CFF72F3#E001E334007D0100
(1626266473.894324) can0 0CFF72F3#E001E334007D0100
(1626266473.914301) can0 0CFF72F3#E001E334007D0100
(1626266473.934330) can0 0CFF72F3#E001E334007D0100
(1626266473.954309) can0 0CFF72F3#E001E334007D0100
(1626266473.956633) can0 0CFF73F3#E19AE19AC05D0000
(1626266473.958807) can0 0CFF77F3#60EA60EA20000000
(1626266473.963219) can0 18FFD9F3#5082DC82DC82305C
(1626266473.974319) can0 0CFF72F3#E001E334007D0100
(1626266473.994312) can0 0CFF72F3#E001E334007D0100
(1626266474.014314) can0 0CFF72F3#E001E334007D0100
(1626266474.034317) can0 0CFF72F3#E001E334007D0100
(1626266474.054319) can0 0CFF72F3#E001E334007D0100
(1626266474.056603) can0 0CFF73F3#E19AE19AC05D0000
(1626266474.058800) can0 0CFF77F3#60EA60EA20000000
(1626266474.063223) can0 18FFD9F3#5082DC82DC82305C
(1626266474.074336) can0 0CFF72F3#E001E334007D0100
(1626266474.094300) can0 0CFF72F3#E001E334007D0100
(1626266474.114323) can0 0CFF72F3#E001E334007D0100
(1626266474.134315) can0 0CFF72F3#E001E334007D0100
(1626266474.154308) can0 0CFF72F3#E001E334007D0100
(1626266474.156529) can0 0CFF73F3#E19AE19AC05D0000
(1626266474.158799) can0 0CFF77F3#60EA60EA20000000
(1626266474.163210) can0 18FFD9F3#5082DC82DC82305C
(1626266474.174310) can0 0CFF72F3#E001E334007D0100
(1626266474.194308) can0 0CFF72F3#E001E334007D0100
(1626266474.214309) can0 0CFF72F3#E001E334007D0100
(1626266474.234313) can0 0CFF72F3#E001E334007D0100
(1626266474.254306) can0 0CFF72F3#E001E334007D0100
(1626266474.256537) can0 0CFF73F3#E19AE19AC05D0000
(1626266474.258807) can0 0CFF77F3#60EA60EA20000000
(1626266474.263222) can0 18FFD9F3#5082DC82DC82305C
(1626266474.274318) can0 0CFF72F3#E001E334007D0100
(1626266474.294336) can0 0CFF72F3#E001E334007D0100
(1626266474.314324) can0 0CFF72F3#E001E334007D0100
(1626266474.334316) can0 0CFF72F3#E001E334007D0100
(1626266474.354310) can0 0CFF72F3#E001E334007D0100
(1626266474.356540) can0 0CFF73F3#E19AE19AC05D0000
(1626266474.358802) can0 0CFF77F3#60EA60EA20000000
(1626266474.363235) can0 18FFD9F3#5082DC82DC82305C
(1626266474.374322) can0 0CFF72F3#E001E334007D0100
(1626266474.394315) can0 0CFF72F3#E001E334007D0100
(1626266474.414308) can0 0CFF72F3#E001E334007D0100
(1626266474.434329) can0 0CFF72F3#E001E334007D0100
(1626266474.454318) can0 0CFF72F3#E001E334007D0100
(1626266474.456559) can0 0CFF73F3#E19AE19AC05D0000
(1626266474.458815) can0 0CFF77F3#60EA60EA20000000
(1626266474.463218) can0 18FFD9F3#5082DC82DC82305C
(1626266474.474325) can0 0CFF72F3#E001E334007D0100
(1626266474.494308) can0 0CFF72F3#E001E334007D0100
(1626266474.514306) can0 0CFF72F3#E001E334007D0100
(1626266474.534316) can0 0CFF72F3#E001E334007D0100
(1626266474.554316) can0 0CFF72F3#E001E334007D0100
(1626266474.556567) can0 0CFF73F3#E19AE19AC05D0000
(1626266474.558807) can0 0CFF77F3#60EA60EA20000000
(1626266474.563223) can0 18FFD9F3#5082DC82DC82305C
(1626266474.574319) can0 0CFF72F3#E001E334007D0100
(1626266474.594322) can0 0CFF72F3#E001E334007D0100
(1626266474.614324) can0 0CFF72F3#E001E334007D0100
(1626266474.634327) can0 0CFF72F3#E001E334007D0100
(1626266474.654310) can0 0CFF72F3#E001E334007D0100
(1626266474.656578) can0 0CFF73F3#E19AE19AC05D0000
(1626266474.658812) can0 0CFF77F3#60EA60EA20000000
(1626266474.663225) can0 18FFD9F3#5082DC82DC82305C
(1626266474.674313) can0 0CFF72F3#E001E334007D0100
(1626266474.694305) can0 0CFF72F3#E001E334007D0100
(1626266474.714307) can0 0CFF72F3#E001E334007D0100
(1626266474.734311) can0 0CFF72F3#E001E334007D0100
(1626266474.753814) can0 0C00C3F3#3200000000000000
(1626266474.756063) can0 0CFF72F3#E001E334007D0100
(1626266474.758288) can0 0CFF73F3#E19AE19AC05D0000
(1626266474.760548) can0 0CFF77F3#60EA60EA20000000
(1626266474.762765) can0 0CFF78F3#2C812C812C813200
(1626266474.768314) can0 18FFD9F3#5082DC82DC82305C
(1626266474.770511) can0 18FFDFF3#E092409C409C2C81
(1626266474.772875) can0 18FFE0F3#0000000000000000
(1626266474.775230) can0 18FFE1F3#0000000000000000
(1626266474.777485) can0 0CFF72F3#E001E334007D0100
(1626266474.794318) can0 0CFF72F3#E001E334007D0100
(1626266474.814321) can0 0CFF72F3#E001E334007D0100
(1626266474.834325) can0 0CFF72F3#E001E334007D0100
(1626266474.854327) can0 0CFF72F3#E001E334007D0100
(1626266474.856582) can0 0CFF73F3#E19AE19AC05D0000
(1626266474.858807) can0 0CFF77F3#60EA60EA20000000
(1626266474.863223) can0 18FFD9F3#5082DC82DC82305C
(1626266474.874313) can0 0CFF72F3#E001E334007D0100
(1626266474.894332) can0 0CFF72F3#E001E334007D0100
(1626266474.914318) can0 0CFF72F3#E001E334007D0100
(1626266474.934311) can0 0CFF72F3#E001E334007D0100
(1626266474.954324) can0 0CFF72F3#E001E334007D0100
(1626266474.956556) can0 0CFF73F3#E19AE19AC05D0000
(1626266474.958801) can0 0CFF77F3#60EA60EA20000000
(1626266474.963230) can0 18FFD9F3#5082DC82DC82305C
(1626266474.974326) can0 0CFF72F3#E001E334007D0100
(1626266474.994320) can0 0CFF72F3#E001E334007D0100
(1626266475.014321) can0 0CFF72F3#E001E334007D0100
(1626266475.034325) can0 0CFF72F3#E001E334007D0100
(1626266475.054357) can0 0CFF72F3#E001E334007D0100
(1626266475.056565) can0 0CFF73F3#E19AE19AC05D0000
(1626266475.058815) can0 0CFF77F3#60EA60EA20000000
(1626266475.063232) can0 18FFD9F3#5082DC82DC82305C
(1626266475.074330) can0 0CFF72F3#E001E334007D0100
(1626266475.094321) can0 0CFF72F3#E001E334007D0100
(1626266475.114327) can0 0CFF72F3#E001E334007D0100
(1626266475.134317) can0 0CFF72F3#E001E334007D0100
(1626266475.154320) can0 0CFF72F3#E001E334007D0100
(1626266475.156583) can0 0CFF73F3#E19AE19AC05D0000
(1626266475.158813) can0 0CFF77F3#60EA60EA20000000
(1626266475.163227) can0 18FFD9F3#5082DC82DC82305C
(1626266475.174323) can0 0CFF72F3#E001E334007D0100
(1626266475.194306) can0 0CFF72F3#E001E334007D0100
(1626266475.214347) can0 0CFF72F3#E001E334007D0100
(1626266475.234321) can0 0CFF72F3#E001E334007D0100
(1626266475.254314) can0 0CFF72F3#E001E334007D0100
(1626266475.256559) can0 0CFF73F3#E19AE19AC05D0000
(1626266475.258822) can0 0CFF77F3#60EA60EA20000000
(1626266475.263258) can0 18FFD9F3#5082DC82DC82305C
(1626266475.274316) can0 0CFF72F3#E001E334007D0100
(1626266475.294318) can0 0CFF72F3#E001E334007D0100
(1626266475.314320) can0 0CFF72F3#E001E334007D0100
(1626266475.334322) can0 0CFF72F3#E001E334007D0100
(1626266475.354316) can0 0CFF72F3#E001E334007D0100
(1626266475.356554) can0 0CFF73F3#E19AE19AC05D0000
(1626266475.358803) can0 0CFF77F3#60EA60EA20000000
(1626266475.363221) can0 18FFD9F3#5082DC82DC82305C
(1626266475.374318) can0 0CFF72F3#E001E334007D0100
(1626266475.394322) can0 0CFF72F3#E001E334007D0100
(1626266475.414326) can0 0CFF72F3#E001E334007D0100
(1626266475.434319) can0 0CFF72F3#E001E334007D0100
(1626266475.454322) can0 0CFF72F3#E001E334007D0100
(1626266475.456583) can0 0CFF73F3#E19AE19AC05D0000
(1626266475.458818) can0 0CFF77F3#60EA60EA20000000
(1626266475.463217) can0 18FFD9F3#5082DC82DC82305C
(1626266475.474334) can0 0CFF72F3#E001E334007D0100
(1626266475.494312) can0 0CFF72F3#E001E334007D0100
(1626266475.514319) can0 0CFF72F3#E001E334007D0100
(1626266475.534331) can0 0CFF72F3#E001E334007D0100
(1626266475.554324) can0 0CFF72F3#E001E334007D0100
(1626266475.556564) can0 0CFF73F3#E19AE19AC05D0000
(1626266475.558812) can0 0CFF77F3#60EA60EA20000000
(1626266475.563229) can0 18FFD9F3#5082DC82DC82305C
(1626266475.574326) can0 0CFF72F3#E001E334007D0100
(1626266475.594319) can0 0CFF72F3#E001E334007D0100
(1626266475.614320) can0 0CFF72F3#E001E334007D0100
(1626266475.634333) can0 0CFF72F3#E001E334007D0100
(1626266475.654324) can0 0CFF72F3#E001E334007D0100
(1626266475.656575) can0 0CFF73F3#E19AE19AC05D0000
(1626266475.658810) can0 0CFF77F3#60EA60EA20000000
(1626266475.663222) can0 18FFD9F3#5082DC82DC82305C
(1626266475.674350) can0 0CFF72F3#E001E334007D0100
(1626266475.694331) can0 0CFF72F3#E001E334007D0100
(1626266475.714313) can0 0CFF72F3#E001E334007D0100
(1626266475.734315) can0 0CFF72F3#E001E334007D0100
(1626266475.753818) can0 0C00C3F3#3200000000000000
(1626266475.756068) can0 0CFF72F3#E001E334007D0100
(1626266475.758292) can0 0CFF73F3#E19AE19AC05D0000
(1626266475.760543) can0 0CFF77F3#60EA60EA20000000
(1626266475.762818) can0 0CFF78F3#2C812C812C813200
(1626266475.768308) can0 18FFD9F3#5082DC82DC82305C
(1626266475.770504) can0 18FFDFF3#E092409C409C2C81
(1626266475.772886) can0 18FFE0F3#0000000000000000
(1626266475.775245) can0 18FFE1F3#0000000000000000
(1626266475.777485) can0 0CFF72F3#E001E334007D0100
(1626266475.794323) can0 0CFF72F3#E001E334007D0100
(1626266475.814327) can0 0CFF72F3#E001E334007D0100
(1626266475.834330) can0 0CFF72F3#E001E334007D0100
(1626266475.854332) can0 0CFF72F3#E001E334007D0100
(1626266475.856584) can0 0CFF73F3#E19AE19AC05D0000
(1626266475.858832) can0 0CFF77F3#60EA60EA20000000
(1626266475.863229) can0 18FFD9F3#5082DC82DC82305C
(1626266475.874336) can0 0CFF72F3#E001E334007D0100
(1626266475.894338) can0 0CFF72F3#E001E334007D0100
(1626266475.914326) can0 0CFF72F3#E001E334007D0100
(1626266475.934334) can0 0CFF72F3#E001E334007D0100
(1626266475.954321) can0 0CFF72F3#E001E334007D0100
(1626266475.956593) can0 0CFF73F3#E19AE19AC05D0000
(1626266475.958850) can0 0CFF77F3#60EA60EA20000000
(1626266475.963237) can0 18FFD9F3#5082DC82DC82305C
(1626266475.974324) can0 0CFF72F3#E001E334007D0100
(1626266475.994327) can0 0CFF72F3#E001E334007D0100
(1626266476.014328) can0 0CFF72F3#E001E334007D0100
(1626266476.034330) can0 0CFF72F3#E001E334007D0100
(1626266476.054318) can0 0CFF72F3#E001E334007D0100
(1626266476.056584) can0 0CFF73F3#E19AE19AC05D0000
(1626266476.058861) can0 0CFF77F3#60EA60EA20000000
(1626266476.063236) can0 18FFD9F3#5082DC82DC82305C
(1626266476.074335) can0 0CFF72F3#E001E334007D0100
(1626266476.094318) can0 0CFF72F3#E001E334007D0100
(1626266476.114347) can0 0CFF72F3#E001E334007D0100
(1626266476.134339) can0 0CFF72F3#E001E334007D0100
(1626266476.154328) can0 0CFF72F3#E001E334007D0100
(1626266476.156583) can0 0CFF73F3#E19AE19AC05D0000
(1626266476.158886) can0 0CFF77F3#60EA60EA20000000
(1626266476.163234) can0 18FFD9F3#5082DC82DC82305C
(1626266476.174337) can0 0CFF72F3#E001E334007D0100
(1626266476.194330) can0 0CFF72F3#E001E334007D0100
(1626266476.214328) can0 0CFF72F3#E001E334007D0100
(1626266476.234340) can0 0CFF72F3#E001E334007D0100
(1626266476.254332) can0 0CFF72F3#E001E334007D0100
(1626266476.256683) can0 0CFF73F3#E19AE19AC05D0000
(1626266476.258804) can0 0CFF77F3#60EA60EA20000000
(1626266476.263237) can0 18FFD9F3#5082DC82DC82305C
(1626266476.274324) can0 0CFF72F3#E001E334007D0100
(1626266476.294327) can0 0CFF72F3#E001E334007D0100
(1626266476.314340) can0 0CFF72F3#E001E334007D0100
(1626266476.334332) can0 0CFF72F3#E001E334007D0100
(1626266476.354335) can0 0CFF72F3#E001E334007D0100
(1626266476.356597) can0 0CFF73F3#E19AE19AC05D0000
(1626266476.358834) can0 0CFF77F3#60EA60EA20000000
(1626266476.363250) can0 18FFD9F3#5082DC82DC82305C
(1626266476.374327) can0 0CFF72F3#E001E334007D0100
(1626266476.394330) can0 0CFF72F3#E001E334007D0100
(1626266476.414332) can0 0CFF72F3#E001E334007D0100
(1626266476.434335) can0 0CFF72F3#E001E334007D0100
(1626266476.454328) can0 0CFF72F3#E001E334007D0100
(1626266476.456567) can0 0CFF73F3#E19AE19AC05D0000
(1626266476.458809) can0 0CFF77F3#60EA60EA20000000
(1626266476.463243) can0 18FFD9F3#5082DC82DC82305C
(1626266476.474330) can0 0CFF72F3#E001E334007D0100
(1626266476.494336) can0 0CFF72F3#E001E334007D0100
(1626266476.514327) can0 0CFF72F3#E001E334007D0100
(1626266476.534339) can0 0CFF72F3#E001E334007D0100
(1626266476.554338) can0 0CFF72F3#E001E334007D0100
(1626266476.556580) can0 0CFF73F3#E19AE19AC05D0000
(1626266476.558814) can0 0CFF77F3#60EA60EA20000000
(1626266476.563238) can0 18FFD9F3#5082DC82DC82305C
(1626266476.574334) can0 0CFF72F3#E001E334007D0100
(1626266476.594327) can0 0CFF72F3#E001E334007D0100
(1626266476.614329) can0 0CFF72F3#E001E334007D0100
(1626266476.634332) can0 0CFF72F3#E001E334007D0100
(1626266476.654336) can0 0CFF72F3#E001E334007D0100
(1626266476.656597) can0 0CFF73F3#E19AE19AC05D0000
(1626266476.658816) can0 0CFF77F3#60EA60EA20000000
(1626266476.663242) can0 18FFD9F3#5082DC82DC82305C
(1626266476.674339) can0 0CFF72F3#E001E334007D0100
(1626266476.694331) can0 0CFF72F3#E001E334007D0100
(1626266476.714334) can0 0CFF72F3#E001E334007D0100
(1626266476.734336) can0 0CFF72F3#E001E334007D0100
(1626266476.753830) can0 0C00C3F3#3200000000000000
(1626266476.756080) can0 0CFF72F3#E001E334007D0100
(1626266476.758303) can0 0CFF73F3#E19AE19AC05D0000
(1626266476.760581) can0 0CFF77F3#60EA60EA20000000
(1626266476.762784) can0 0CFF78F3#2C812C812C813200
(1626266476.768330) can0 18FFD9F3#5082DC82DC82305C
(1626266476.770525) can0 18FFDFF3#E092409C409C2C81
(1626266476.772956) can0 18FFE0F3#0000000000000000
(1626266476.775280) can0 18FFE1F3#0000000000000000
(1626266476.777496) can0 0CFF72F3#E001E334007D0100
(1626266476.794334) can0 0CFF72F3#E001E334007D0100
(1626266476.814369) can0 0CFF72F3#E001E334007D0100
(1626266476.834340) can0 0CFF72F3#E001E334007D0100
(1626266476.854342) can0 0CFF72F3#E001E334007D0100
(1626266476.856641) can0 0CFF73F3#E19AE19AC05D0000
(1626266476.858818) can0 0CFF77F3#60EA60EA20000000
(1626266476.863237) can0 18FFD9F3#5082DC82DC82305C
(1626266476.874347) can0 0CFF72F3#E001E334007D0100
(1626266476.894348) can0 0CFF72F3#E001E334007D0100
(1626266476.914333) can0 0CFF72F3#E001E334007D0100
(1626266476.934338) can0 0CFF72F3#E001E334007D0100
(1626266476.954330) can0 0CFF72F3#E001E334007D0100
(1626266476.956560) can0 0CFF73F3#E19AE19AC05D0000
(1626266476.958830) can0 0CFF77F3#60EA60EA20000000
(1626266476.963233) can0 18FFD9F3#5082DC82DC82305C
(1626266476.974331) can0 0CFF72F3#E001E334007D0100
(1626266476.994335) can0 0CFF72F3#E001E334007D0100
(1626266477.014337) can0 0CFF72F3#E001E334007D0100
(1626266477.034341) can0 0CFF72F3#E001E334007D0100
(1626266477.054342) can0 0CFF72F3#E001E334007D0100
(1626266477.056563) can0 0CFF73F3#E19AE19AC05D0000
(1626266477.058823) can0 0CFF77F3#60EA60EA20000000
(1626266477.063244) can0 18FFD9F3#5082DC82DC82305C
(1626266477.074325) can0 0CFF72F3#E001E334007D0100
(1626266477.094328) can0 0CFF72F3#E001E334007D0100
(1626266477.114351) can0 0CFF72F3#E001E334007D0100
(1626266477.134346) can0 0CFF72F3#E001E334007D0100
(1626266477.154326) can0 0CFF72F3#E001E334007D0100
(1626266477.156556) can0 0CFF73F3#E19AE19AC05D0000
(1626266477.158816) can0 0CFF77F3#60EA60EA20000000
(1626266477.163242) can0 18FFD9F3#5082DC82DC82305C
(1626266477.174328) can0 0CFF72F3#E001E334007D0100
(1626266477.194330) can0 0CFF72F3#E001E334007D0100
(1626266477.214324) can0 0CFF72F3#E001E334007D0100
(1626266477.234336) can0 0CFF72F3#E001E334007D0100
(1626266477.254329) can0 0CFF72F3#E001E334007D0100
(1626266477.256646) can0 0CFF73F3#E19AE19AC05D0000
(1626266477.258821) can0 0CFF77F3#60EA60EA20000000
(1626266477.263245) can0 18FFD9F3#5082DC82DC82305C
(1626266477.274379) can0 0CFF72F3#E001E334007D0100
(1626266477.294326) can0 0CFF72F3#E001E334007D0100
(1626266477.314338) can0 0CFF72F3#E001E334007D0100
(1626266477.334330) can0 0CFF72F3#E001E334007D0100
(1626266477.354343) can0 0CFF72F3#E001E334007D0100
(1626266477.356564) can0 0CFF73F3#E19AE19AC05D0000
(1626266477.358824) can0 0CFF77F3#60EA60EA20000000
(1626266477.363258) can0 18FFD9F3#5082DC82DC82305C
(1626266477.374345) can0 0CFF72F3#E001E334007D0100
(1626266477.394328) can0 0CFF72F3#E001E334007D0100
(1626266477.414341) can0 0CFF72F3#E001E334007D0100
(1626266477.434362) can0 0CFF72F3#E001E334007D0100
(1626266477.454326) can0 0CFF72F3#E001E334007D0100
(1626266477.456559) can0 0CFF73F3#E19AE19AC05D0000
(1626266477.458817) can0 0CFF77F3#60EA60EA20000000
(1626266477.463242) can0 18FFD9F3#5082DC82DC82305C
(1626266477.474339) can0 0CFF72F3#E001E334007D0100
(1626266477.494341) can0 0CFF72F3#E001E334007D0100
(1626266477.514334) can0 0CFF72F3#E001E334007D0100
(1626266477.534346) can0 0CFF72F3#E001E334007D0100
(1626266477.554329) can0 0CFF72F3#E001E334007D0100
(1626266477.556571) can0 0CFF73F3#E19AE19AC05D0000
(1626266477.558836) can0 0CFF77F3#60EA60EA20000000
(1626266477.563257) can0 18FFD9F3#5082DC82DC82305C
(1626266477.574352) can0 0CFF72F3#E001E334007D0100
(1626266477.594335) can0 0CFF72F3#E001E334007D0100
(1626266477.614339) can0 0CFF72F3#E001E334007D0100
(1626266477.634341) can0 0CFF72F3#E001E334007D0100
(1626266477.654344) can0 0CFF72F3#E001E334007D0100
(1626266477.656619) can0 0CFF73F3#E19AE19AC05D0000
(1626266477.658826) can0 0CFF77F3#60EA60EA20000000
(1626266477.663239) can0 18FFD9F3#5082DC82DC82305C
(1626266477.674336) can0 0CFF72F3#E001E334007D0100
(1626266477.694339) can0 0CFF72F3#E001E334007D0100
(1626266477.714328) can0 0CFF72F3#E001E334007D0100
(1626266477.734380) can0 0CFF72F3#E001E334007D0100
(1626266477.753865) can0 0C00C3F3#3200000000000000
(1626266477.756083) can0 0CFF72F3#E001E334007D0100
(1626266477.758307) can0 0CFF73F3#E19AE19AC05D0000
(1626266477.760558) can0 0CFF77F3#60EA60EA20000000
(1626266477.762788) can0 0CFF78F3#2C812C812C813200
(1626266477.768335) can0 18FFD9F3#5082DC82DC82305C
(1626266477.770534) can0 18FFDFF3#E092409C409C2C81
(1626266477.772904) can0 18FFE0F3#0000000000000000
(1626266477.775251) can0 18FFE1F3#0000000000000000
(1626266477.777500) can0 0CFF72F3#E001E334007D0100
(1626266477.794342) can0 0CFF72F3#E001E334007D0100
(1626266477.814345) can0 0CFF72F3#E001E334007D0100
(1626266477.834347) can0 0CFF72F3#E001E334007D0100
(1626266477.854350) can0 0CFF72F3#E001E334007D0100
(1626266477.856636) can0 0CFF73F3#E19AE19AC05D0000
(1626266477.858824) can0 0CFF77F3#60EA60EA20000000
(1626266477.863245) can0 18FFD9F3#5082DC82DC82305C
(1626266477.874352) can0 0CFF72F3#E001E334007D0100
(1626266477.894356) can0 0CFF72F3#E001E334007D0100
(1626266477.914361) can0 0CFF72F3#E001E334007D0100
(1626266477.934344) can0 0CFF72F3#E001E334007D0100
(1626266477.954346) can0 0CFF72F3#E001E334007D0100
(1626266477.956587) can0 0CFF73F3#E19AE19AC05D0000
(1626266477.958839) can0 0CFF77F3#60EA60EA20000000
(1626266477.963249) can0 18FFD9F3#5082DC82DC82305C
(1626266477.974348) can0 0CFF72F3#E001E334007D0100
(1626266477.994342) can0 0CFF72F3#E001E334007D0100
(1626266478.014344) can0 0CFF72F3#E001E334007D0100
(1626266478.034348) can0 0CFF72F3#E001E334007D0100
(1626266478.054350) can0 0CFF72F3#E001E334007D0100
(1626266478.056584) can0 0CFF73F3#E19AE19AC05D0000
(1626266478.058830) can0 0CFF77F3#60EA60EA20000000
(1626266478.063253) can0 18FFD9F3#5082DC82DC82305C
(1626266478.074353) can0 0CFF72F3#E001E334007D0100
(1626266478.094355) can0 0CFF72F3#E001E334007D0100
(1626266478.114337) can0 0CFF72F3#E001E334007D0100
(1626266478.134361) can0 0CFF72F3#E001E334007D0100
(1626266478.154343) can0 0CFF72F3#E001E334007D0100
(1626266478.156592) can0 0CFF73F3#E19AE19AC05D0000
(1626266478.158836) can0 0CFF77F3#60EA60EA20000000
(1626266478.163265) can0 18FFD9F3#5082DC82DC82305C
(1626266478.174355) can0 0CFF72F3#E001E334007D0100
(1626266478.194383) can0 0CFF72F3#E001E334007D0100
(1626266478.214342) can0 0CFF72F3#E001E334007D0100
(1626266478.234344) can0 0CFF72F3#E001E334007D0100
(1626266478.254346) can0 0CFF72F3#E001E334007D0100
(1626266478.256587) can0 0CFF73F3#E19AE19AC05D0000
(1626266478.258838) can0 0CFF77F3#60EA60EA20000000
(1626266478.263260) can0 18FFD9F3#5082DC82DC82305C
(1626266478.274349) can0 0CFF72F3#E001E334007D0100
(1626266478.294342) can0 0CFF72F3#E001E334007D0100
(1626266478.314344) can0 0CFF72F3#E001E334007D0100
(1626266478.334348) can0 0CFF72F3#E001E334007D0100
(1626266478.354350) can0 0CFF72F3#E001E334007D0100
(1626266478.356582) can0 0CFF73F3#E19AE19AC05D0000
(1626266478.358834) can0 0CFF77F3#60EA60EA20000000
(1626266478.363252) can0 18FFD9F3#5082DC82DC82305C
(1626266478.374353) can0 0CFF72F3#E001E334007D0100
(1626266478.394346) can0 0CFF72F3#E001E334007D0100
(1626266478.414348) can0 0CFF72F3#E001E334007D0100
(1626266478.434341) can0 0CFF72F3#E001E334007D0100
(1626266478.454353) can0 0CFF72F3#E001E334007D0100
(1626266478.456654) can0 0CFF73F3#E19AE19AC05D0000
(1626266478.458836) can0 0CFF77F3#60EA60EA20000000
(1626266478.463256) can0 18FFD9F3#5082DC82DC82305C
(1626266478.474358) can0 0CFF72F3#E001E334007D0100
(1626266478.494339) can0 0CFF72F3#E001E334007D0100
(1626266478.514350) can0 0CFF72F3#E001E334007D0100
(1626266478.534348) can0 0CFF72F3#E001E334007D0100
(1626266478.554345) can0 0CFF72F3#E001E334007D0100
(1626266478.556589) can0 0CFF73F3#E19AE19AC05D0000
(1626266478.558836) can0 0CFF77F3#60EA60EA20000000
(1626266478.563258) can0 18FFD9F3#5082DC82DC82305C
(1626266478.574348) can0 0CFF72F3#E001E334007D0100
(1626266478.594346) can0 0CFF72F3#E001E334007D0100
(1626266478.614346) can0 0CFF72F3#E001E334007D0100
(1626266478.634358) can0 0CFF72F3#E001E334007D0100
(1626266478.654379) can0 0CFF72F3#E001E334007D0100
(1626266478.656585) can0 0CFF73F3#E19AE19AC05D0000
(1626266478.658842) can0 0CFF77F3#60EA60EA20000000
(1626266478.663252) can0 18FFD9F3#5082DC82DC82305C
(1626266478.674354) can0 0CFF72F3#E001E334007D0100
(1626266478.694348) can0 0CFF72F3#E001E334007D0100
(1626266478.714352) can0 0CFF72F3#E001E334007D0100
(1626266478.734360) can0 0CFF72F3#E001E334007D0100
(1626266478.753843) can0 0C00C3F3#3200000000000000
(1626266478.756094) can0 0CFF72F3#E001E334007D0100
(1626266478.758317) can0 0CFF73F3#E19AE19AC05D0000
(1626266478.760567) can0 0CFF77F3#60EA60EA20000000
(1626266478.762797) can0 0CFF78F3#2C812C812C813200
(1626266478.768344) can0 18FFD9F3#5082DC82DC82305C
(1626266478.770538) can0 18FFDFF3#E092409C409C2C81
(1626266478.772914) can0 18FFE0F3#0000000000000000
(1626266478.775270) can0 18FFE1F3#0000000000000000
(1626266478.777509) can0 0CFF72F3#E001E334007D0100
(1626266478.794349) can0 0CFF72F3#E001E334007D0100
(1626266478.814352) can0 0CFF72F3#E001E334007D0100
(1626266478.834356) can0 0CFF72F3#E001E334007D0100
(1626266478.854357) can0 0CFF72F3#E001E334007D0100
(1626266478.856596) can0 0CFF73F3#E19AE19AC05D0000
(1626266478.858832) can0 0CFF77F3#60EA60EA20000000
(1626266478.863270) can0 18FFD9F3#5082DC82DC82305C
(1626266478.874360) can0 0CFF72F3#E001E334007D0100
(1626266478.894363) can0 0CFF72F3#E001E334007D0100
(1626266478.914365) can0 0CFF72F3#E001E334007D0100
(1626266478.934371) can0 0CFF72F3#E001E334007D0100
(1626266478.954352) can0 0CFF72F3#E001E334007D0100
(1626266478.956588) can0 0CFF73F3#E19AE19AC05D0000
(1626266478.958853) can0 0CFF77F3#60EA60EA20000000
(1626266478.963253) can0 18FFD9F3#5082DC82DC82305C
(1626266478.974353) can0 0CFF72F3#E001E334007D0100
(1626266478.994356) can0 0CFF72F3#E001E334007D0100
(1626266479.014360) can0 0CFF72F3#E001E334007D0100
(1626266479.034355) can0 0CFF72F3#E001E334007D0100
(1626266479.054345) can0 0CFF72F3#E001E334007D0100
(1626266479.056661) can0 0CFF73F3#E19AE19AC05D0000
(1626266479.058846) can0 0CFF77F3#60EA60EA20000000
(1626266479.063267) can0 18FFD9F3#5082DC82DC82305C
(1626266479.074361) can0 0CFF72F3#E001E334007D0100
(1626266479.094349) can0 0CFF72F3#E001E334007D0100
(1626266479.114348) can0 0CFF72F3#E001E334007D0100
(1626266479.134364) can0 0CFF72F3#E001E334007D0100
(1626266479.154346) can0 0CFF72F3#E001E334007D0100
(1626266479.156579) can0 0CFF73F3#E19AE19AC05D0000
(1626266479.158837) can0 0CFF77F3#60EA60EA20000000
(1626266479.163274) can0 18FFD9F3#5082DC82DC82305C
(1626266479.174346) can0 0CFF72F3#E001E334007D0100
(1626266479.194339) can0 0CFF72F3#E001E334007D0100
(1626266479.214346) can0 0CFF72F3#E001E334007D0100
(1626266479.234359) can0 0CFF72F3#E001E334007D0100
(1626266479.254362) can0 0CFF72F3#E001E334007D0100
(1626266479.256603) can0 0CFF73F3#E19AE19AC05D0000
(1626266479.258835) can0 0CFF77F3#60EA60EA20000000
(1626266479.263287) can0 18FFD9F3#5082DC82DC82305C
(1626266479.274354) can0 0CFF72F3#E001E334007D0100
(1626266479.294349) can0 0CFF72F3#E001E334007D0100
(1626266479.314349) can0 0CFF72F3#E001E334007D0100
(1626266479.334388) can0 0CFF72F3#E001E334007D0100
(1626266479.354354) can0 0CFF72F3#E001E334007D0100
(1626266479.356597) can0 0CFF73F3#E19AE19AC05D0000
(1626266479.358868) can0 0CFF77F3#60EA60EA20000000
(1626266479.363300) can0 18FFD9F3#5082DC82DC82305C
(1626266479.374347) can0 0CFF72F3#E001E334007D0100
(1626266479.394350) can0 0CFF72F3#E001E334007D0100
(1626266479.414353) can0 0CFF72F3#E001E334007D0100
(1626266479.434354) can0 0CFF72F3#E001E334007D0100
(1626266479.454348) can0 0CFF72F3#E001E334007D0100
(1626266479.456612) can0 0CFF73F3#E19AE19AC05D0000
(1626266479.458851) can0 0CFF77F3#60EA60EA20000000
(1626266479.463315) can0 18FFD9F3#5082DC82DC82305C
(1626266479.474351) can0 0CFF72F3#E001E334007D0100
(1626266479.494354) can0 0CFF72F3#E001E334007D0100
(1626266479.514357) can0 0CFF72F3#E001E334007D0100
(1626266479.534369) can0 0CFF72F3#E001E334007D0100
(1626266479.554362) can0 0CFF72F3#E001E334007D0100
(1626266479.556576) can0 0CFF73F3#E19AE19AC05D0000
(1626266479.558845) can0 0CFF77F3#60EA60EA20000000
(1626266479.563260) can0 18FFD9F3#5082DC82DC82305C
(1626266479.574365) can0 0CFF72F3#E001E334007D0100
(1626266479.594360) can0 0CFF72F3#E001E334007D0100
(1626266479.614359) can0 0CFF72F3#E001E334007D0100
(1626266479.634362) can0 0CFF72F3#E001E334007D0100
(1626266479.654370) can0 0CFF72F3#E001E334007D0100
(1626266479.656589) can0 0CFF73F3#E19AE19AC05D0000
(1626266479.658840) can0 0CFF77F3#60EA60EA20000000
(1626266479.663263) can0 18FFD9F3#5082DC82DC82305C
(1626266479.674357) can0 0CFF72F3#E001E334007D0100
(1626266479.694362) can0 0CFF72F3#E001E334007D0100
(1626266479.714360) can0 0CFF72F3#E001E334007D0100
(1626266479.734362) can0 0CFF72F3#E001E334007D0100
(1626266479.753848) can0 0C00C3F3#3200000000000000
(1626266479.756098) can0 0CFF72F3#E001E334007D0100
(1626266479.758349) can0 0CFF73F3#E19AE19AC05D0000
(1626266479.760573) can0 0CFF77F3#60EA60EA20000000
(1626266479.762803) can0 0CFF78F3#2C812C812C813200
(1626266479.768351) can0 18FFD9F3#5082DC82DC82305C
(1626266479.770545) can0 18FFDFF3#E092409C409C2C81
(1626266479.772927) can0 18FFE0F3#0000000000000000
(1626266479.775276) can0 18FFE1F3#0000000000000000
(1626266479.777516) can0 0CFF72F3#E001E334007D0100
(1626266479.794381) can0 0CFF72F3#E001E334007D0100
(1626266479.814360) can0 0CFF72F3#E001E334007D0100
(1626266479.834369) can0 0CFF72F3#E001E334007D0100
(1626266479.854376) can0 0CFF72F3#E001E334007D0100
(1626266479.856588) can0 0CFF73F3#E19AE19AC05D0000
(1626266479.858842) can0 0CFF77F3#60EA60EA20000000
(1626266479.863271) can0 18FFD9F3#5082DC82DC82305C
(1626266479.874368) can0 0CFF72F3#E001E334007D0100
(1626266479.894371) can0 0CFF72F3#E001E334007D0100
(1626266479.914373) can0 0CFF72F3#E001E334007D0100
(1626266479.934375) can0 0CFF72F3#E001E334007D0100
(1626266479.954382) can0 0CFF72F3#E001E334007D0100
(1626266479.956583) can0 0CFF73F3#E19AE19AC05D0000
(1626266479.958853) can0 0CFF77F3#60EA60EA20000000
(1626266479.963265) can0 18FFD9F3#5082DC82DC82305C
(1626266479.974382) can0 0CFF72F3#E001E334007D0100
(1626266479.994398) can0 0CFF72F3#E001E334007D0100
(1626266480.014393) can0 0CFF72F3#E001E334007D0100
(1626266480.034389) can0 0CFF72F3#E001E334007D0100
(1626266480.054392) can0 0CFF72F3#E001E334007D0100
(1626266480.056587) can0 0CFF73F3#E19AE19AC05D0000
(1626266480.058847) can0 0CFF77F3#60EA60EA20000000
(1626266480.063267) can0 18FFD9F3#5082DC82DC82305C
(1626266480.074395) can0 0CFF72F3#E001E334007D0100
(1626266480.094397) can0 0CFF72F3#E001E334007D0100
(1626266480.114400) can0 0CFF72F3#E001E334007D0100
(1626266480.134408) can0 0CFF72F3#E001E334007D0100
(1626266480.154405) can0 0CFF72F3#E001E334007D0100
(1626266480.156610) can0 0CFF73F3#E19AE19AC05D0000
(1626266480.158841) can0 0CFF77F3#60EA60EA20000000
(1626266480.163265) can0 18FFD9F3#5082DC82DC82305C
(1626266480.174413) can0 0CFF72F3#E001E334007D0100
(1626266480.194410) can0 0CFF72F3#E001E334007D0100
(1626266480.214413) can0 0CFF72F3#E001E334007D0100
(1626266480.234415) can0 0CFF72F3#E001E334007D0100
(1626266480.254381) can0 0CFF72F3#E001E334007D0100
(1626266480.256593) can0 0CFF73F3#E19AE19AC05D0000
(1626266480.258852) can0 0CFF77F3#60EA60EA20000000
(1626266480.263268) can0 18FFD9F3#5082DC82DC82305C
(1626266480.274425) can0 0CFF72F3#E001E334007D0100
(1626266480.294359) can0 0CFF72F3#E001E334007D0100
(1626266480.314360) can0 0CFF72F3#E001E334007D0100
(1626266480.334353) can0 0CFF72F3#E001E334007D0100
(1626266480.354356) can0 0CFF72F3#E001E334007D0100
(1626266480.356586) can0 0CFF73F3#E19AE19AC05D0000
(1626266480.358857) can0 0CFF77F3#60EA60EA20000000
(1626266480.363281) can0 18FFD9F3#5082DC82DC82305C
(1626266480.374373) can0 0CFF72F3#E001E334007D0100
(1626266480.394351) can0 0CFF72F3#E001E334007D0100
(1626266480.414367) can0 0CFF72F3#E001E334007D0100
(1626266480.434359) can0 0CFF72F3#E001E334007D0100
(1626266480.454368) can0 0CFF72F3#E001E334007D0100
(1626266480.456597) can0 0CFF73F3#E19AE19AC05D0000
(1626266480.458861) can0 0CFF77F3#60EA60EA20000000
(1626266480.463275) can0 18FFD9F3#5082DC82DC82305C
(1626266480.474353) can0 0CFF72F3#E001E334007D0100
(1626266480.494355) can0 0CFF72F3#E001E334007D0100
(1626266480.514357) can0 0CFF72F3#E001E334007D0100
(1626266480.534359) can0 0CFF72F3#E001E334007D0100
(1626266480.554363) can0 0CFF72F3#E001E334007D0100
(1626266480.556595) can0 0CFF73F3#E19AE19AC05D0000
(1626266480.558857) can0 0CFF77F3#60EA60EA20000000
(1626266480.563268) can0 18FFD9F3#5082DC82DC82305C
(1626266480.574373) can0 0CFF72F3#E001E334007D0100
(1626266480.594368) can0 0CFF72F3#E001E334007D0100
(1626266480.614360) can0 0CFF72F3#E001E334007D0100
(1626266480.634364) can0 0CFF72F3#E001E334007D0100
(1626266480.654376) can0 0CFF72F3#E001E334007D0100
(1626266480.656599) can0 0CFF73F3#E19AE19AC05D0000
(1626266480.658856) can0 0CFF77F3#60EA60EA20000000
(1626266480.663271) can0 18FFD9F3#5082DC82DC82305C
(1626266480.674368) can0 0CFF72F3#E001E334007D0100
(1626266480.694352) can0 0CFF72F3#E001E334007D0100
(1626266480.714387) can0 0CFF72F3#E001E334007D0100
(1626266480.734357) can0 0CFF72F3#E001E334007D0100
(1626266480.753861) can0 0C00C3F3#3200000000000000
(1626266480.756111) can0 0CFF72F3#E001E334007D0100
(1626266480.758363) can0 0CFF73F3#E19AE19AC05D0000
(1626266480.760591) can0 0CFF77F3#60EA60EA20000000
(1626266480.762834) can0 0CFF78F3#2C812C812C813200
(1626266480.768362) can0 18FFD9F3#5082DC82DC82305C
(1626266480.770562) can0 18FFDFF3#E092409C409C2C81
(1626266480.772921) can0 18FFE0F3#0000000000000000
